# JRE version: OpenJDK Runtime Environment Temurin-21.0.9+10 (21.0.9+10) (build 21.0.9+10-LTS)
# Java VM: OpenJDK 64-Bit Server VM Temurin-21.0.9+10 (21.0.9+10-LTS, mixed mode, sharing, tiered, compressed oops, compressed class ptrs, parallel gc, windows-amd64)
GC Precious Log:
 CardTable entry size: 512
 CPUs: 20 total, 20 available
 Memory: 7896M
 Large Page Support: Disabled
 NUMA Support: Disabled
 Compressed Oops: Enabled (32-bit)
 Alignments: Space 512K, Generation 512K, Heap 2M
 Heap Min Capacity: 100M
 Heap Initial Capacity: 100M
 Heap Max Capacity: 2G
 Pre-touch: Disabled
 Parallel Workers: 15
Heap:
 PSYoungGen      total 17920K, used 1070K [0x00000000d5580000, 0x00000000d6e00000, 0x0000000100000000)
  eden space 16896K, 1% used [0x00000000d5580000,0x00000000d55c3bd8,0x00000000d6600000)
  from space 1024K, 78% used [0x00000000d6d00000,0x00000000d6dc8020,0x00000000d6e00000)
  to   space 1024K, 0% used [0x00000000d6c00000,0x00000000d6c00000,0x00000000d6d00000)
 ParOldGen       total 83968K, used 83702K [0x0000000080000000, 0x0000000085200000, 0x00000000d5580000)
  object space 83968K, 99% used [0x0000000080000000,0x00000000851bd8d8,0x0000000085200000)
 Metaspace       used 63602K, committed 64896K, reserved 1114112K
  class space    used 7398K, committed 8000K, reserved 1048576K
GC Heap History (20 events):
Event: 23.873 GC heap before
{Heap before GC invocations=38 (full 3):
 PSYoungGen      total 17920K, used 17910K [0x00000000d5580000, 0x00000000d6e80000, 0x0000000100000000)
  eden space 16896K, 100% used [0x00000000d5580000,0x00000000d6600000,0x00000000d6600000)
  from space 1024K, 99% used [0x00000000d6980000,0x00000000d6a7d948,0x00000000d6a80000)
  to   space 3584K, 0% used [0x00000000d6600000,0x00000000d6600000,0x00000000d6980000)
 ParOldGen       total 68608K, used 59160K [0x0000000080000000, 0x0000000084300000, 0x00000000d5580000)
  object space 68608K, 86% used [0x0000000080000000,0x00000000839c6058,0x0000000084300000)
 Metaspace       used 61353K, committed 62656K, reserved 1114112K
  class space    used 7189K, committed 7744K, reserved 1048576K
}
Event: 23.882 GC heap after
{Heap after GC invocations=38 (full 3):
 PSYoungGen      total 20480K, used 3568K [0x00000000d5580000, 0x00000000d7f00000, 0x0000000100000000)
  eden space 16896K, 0% used [0x00000000d5580000,0x00000000d5580000,0x00000000d6600000)
  from space 3584K, 99% used [0x00000000d6600000,0x00000000d697c010,0x00000000d6980000)
  to   space 12800K, 0% used [0x00000000d7280000,0x00000000d7280000,0x00000000d7f00000)
 ParOldGen       total 68608K, used 66752K [0x0000000080000000, 0x0000000084300000, 0x00000000d5580000)
  object space 68608K, 97% used [0x0000000080000000,0x00000000841302e0,0x0000000084300000)
 Metaspace       used 61353K, committed 62656K, reserved 1114112K
  class space    used 7189K, committed 7744K, reserved 1048576K
}
Event: 24.167 GC heap before
{Heap before GC invocations=39 (full 3):
 PSYoungGen      total 20480K, used 20464K [0x00000000d5580000, 0x00000000d7f00000, 0x0000000100000000)
  eden space 16896K, 100% used [0x00000000d5580000,0x00000000d6600000,0x00000000d6600000)
  from space 3584K, 99% used [0x00000000d6600000,0x00000000d697c010,0x00000000d6980000)
  to   space 12800K, 0% used [0x00000000d7280000,0x00000000d7280000,0x00000000d7f00000)
 ParOldGen       total 68608K, used 66752K [0x0000000080000000, 0x0000000084300000, 0x00000000d5580000)
  object space 68608K, 97% used [0x0000000080000000,0x00000000841302e0,0x0000000084300000)
 Metaspace       used 61632K, committed 62976K, reserved 1114112K
  class space    used 7203K, committed 7808K, reserved 1048576K
}
Event: 24.173 GC heap after
{Heap after GC invocations=39 (full 3):
 PSYoungGen      total 18944K, used 1984K [0x00000000d5580000, 0x00000000d7480000, 0x0000000100000000)
  eden space 16896K, 0% used [0x00000000d5580000,0x00000000d5580000,0x00000000d6600000)
  from space 2048K, 96% used [0x00000000d7280000,0x00000000d7470030,0x00000000d7480000)
  to   space 5632K, 0% used [0x00000000d6980000,0x00000000d6980000,0x00000000d6f00000)
 ParOldGen       total 70656K, used 70280K [0x0000000080000000, 0x0000000084500000, 0x00000000d5580000)
  object space 70656K, 99% used [0x0000000080000000,0x00000000844a22f0,0x0000000084500000)
 Metaspace       used 61632K, committed 62976K, reserved 1114112K
  class space    used 7203K, committed 7808K, reserved 1048576K
}
Event: 24.403 GC heap before
{Heap before GC invocations=40 (full 3):
 PSYoungGen      total 18944K, used 18880K [0x00000000d5580000, 0x00000000d7480000, 0x0000000100000000)
  eden space 16896K, 99% used [0x00000000d5580000,0x00000000d65ffff8,0x00000000d6600000)
  from space 2048K, 96% used [0x00000000d7280000,0x00000000d7470030,0x00000000d7480000)
  to   space 5632K, 0% used [0x00000000d6980000,0x00000000d6980000,0x00000000d6f00000)
 ParOldGen       total 70656K, used 70280K [0x0000000080000000, 0x0000000084500000, 0x00000000d5580000)
  object space 70656K, 99% used [0x0000000080000000,0x00000000844a22f0,0x0000000084500000)
 Metaspace       used 62024K, committed 63296K, reserved 1114112K
  class space    used 7263K, committed 7808K, reserved 1048576K
}
Event: 24.408 GC heap after
{Heap after GC invocations=40 (full 3):
 PSYoungGen      total 22528K, used 2033K [0x00000000d5580000, 0x00000000d7300000, 0x0000000100000000)
  eden space 16896K, 0% used [0x00000000d5580000,0x00000000d5580000,0x00000000d6600000)
  from space 5632K, 36% used [0x00000000d6980000,0x00000000d6b7c410,0x00000000d6f00000)
  to   space 3072K, 0% used [0x00000000d7000000,0x00000000d7000000,0x00000000d7300000)
 ParOldGen       total 72192K, used 72053K [0x0000000080000000, 0x0000000084680000, 0x00000000d5580000)
  object space 72192K, 99% used [0x0000000080000000,0x000000008465d688,0x0000000084680000)
 Metaspace       used 62024K, committed 63296K, reserved 1114112K
  class space    used 7263K, committed 7808K, reserved 1048576K
}
Event: 24.504 GC heap before
{Heap before GC invocations=41 (full 3):
 PSYoungGen      total 22528K, used 18929K [0x00000000d5580000, 0x00000000d7300000, 0x0000000100000000)
  eden space 16896K, 100% used [0x00000000d5580000,0x00000000d6600000,0x00000000d6600000)
  from space 5632K, 36% used [0x00000000d6980000,0x00000000d6b7c410,0x00000000d6f00000)
  to   space 3072K, 0% used [0x00000000d7000000,0x00000000d7000000,0x00000000d7300000)
 ParOldGen       total 72192K, used 72053K [0x0000000080000000, 0x0000000084680000, 0x00000000d5580000)
  object space 72192K, 99% used [0x0000000080000000,0x000000008465d688,0x0000000084680000)
 Metaspace       used 62041K, committed 63360K, reserved 1114112K
  class space    used 7263K, committed 7808K, reserved 1048576K
}
Event: 24.509 GC heap after
{Heap after GC invocations=41 (full 3):
 PSYoungGen      total 19456K, used 2370K [0x00000000d5580000, 0x00000000d7280000, 0x0000000100000000)
  eden space 16896K, 0% used [0x00000000d5580000,0x00000000d5580000,0x00000000d6600000)
  from space 2560K, 92% used [0x00000000d7000000,0x00000000d7250810,0x00000000d7280000)
  to   space 2560K, 0% used [0x00000000d6d80000,0x00000000d6d80000,0x00000000d7000000)
 ParOldGen       total 74240K, used 73888K [0x0000000080000000, 0x0000000084880000, 0x00000000d5580000)
  object space 74240K, 99% used [0x0000000080000000,0x0000000084828368,0x0000000084880000)
 Metaspace       used 62041K, committed 63360K, reserved 1114112K
  class space    used 7263K, committed 7808K, reserved 1048576K
}
Event: 24.638 GC heap before
{Heap before GC invocations=42 (full 3):
 PSYoungGen      total 19456K, used 19266K [0x00000000d5580000, 0x00000000d7280000, 0x0000000100000000)
  eden space 16896K, 100% used [0x00000000d5580000,0x00000000d6600000,0x00000000d6600000)
  from space 2560K, 92% used [0x00000000d7000000,0x00000000d7250810,0x00000000d7280000)
  to   space 2560K, 0% used [0x00000000d6d80000,0x00000000d6d80000,0x00000000d7000000)
 ParOldGen       total 74240K, used 73888K [0x0000000080000000, 0x0000000084880000, 0x00000000d5580000)
  object space 74240K, 99% used [0x0000000080000000,0x0000000084828368,0x0000000084880000)
 Metaspace       used 62051K, committed 63360K, reserved 1114112K
  class space    used 7263K, committed 7808K, reserved 1048576K
}
Event: 24.656 GC heap after
{Heap after GC invocations=42 (full 3):
 PSYoungGen      total 18944K, used 1956K [0x00000000d5580000, 0x00000000d7080000, 0x0000000100000000)
  eden space 16896K, 0% used [0x00000000d5580000,0x00000000d5580000,0x00000000d6600000)
  from space 2048K, 95% used [0x00000000d6d80000,0x00000000d6f69000,0x00000000d6f80000)
  to   space 1024K, 0% used [0x00000000d6f80000,0x00000000d6f80000,0x00000000d7080000)
 ParOldGen       total 76288K, used 75927K [0x0000000080000000, 0x0000000084a80000, 0x00000000d5580000)
  object space 76288K, 99% used [0x0000000080000000,0x0000000084a25d28,0x0000000084a80000)
 Metaspace       used 62051K, committed 63360K, reserved 1114112K
  class space    used 7263K, committed 7808K, reserved 1048576K
}
Event: 24.727 GC heap before
{Heap before GC invocations=43 (full 3):
 PSYoungGen      total 18944K, used 18852K [0x00000000d5580000, 0x00000000d7080000, 0x0000000100000000)
  eden space 16896K, 100% used [0x00000000d5580000,0x00000000d6600000,0x00000000d6600000)
  from space 2048K, 95% used [0x00000000d6d80000,0x00000000d6f69000,0x00000000d6f80000)
  to   space 1024K, 0% used [0x00000000d6f80000,0x00000000d6f80000,0x00000000d7080000)
 ParOldGen       total 76288K, used 75927K [0x0000000080000000, 0x0000000084a80000, 0x00000000d5580000)
  object space 76288K, 99% used [0x0000000080000000,0x0000000084a25d28,0x0000000084a80000)
 Metaspace       used 62054K, committed 63360K, reserved 1114112K
  class space    used 7263K, committed 7808K, reserved 1048576K
}
Event: 24.786 GC heap after
{Heap after GC invocations=43 (full 3):
 PSYoungGen      total 17920K, used 1024K [0x00000000d5580000, 0x00000000d7080000, 0x0000000100000000)
  eden space 16896K, 0% used [0x00000000d5580000,0x00000000d5580000,0x00000000d6600000)
  from space 1024K, 100% used [0x00000000d6f80000,0x00000000d7080000,0x00000000d7080000)
  to   space 4096K, 0% used [0x00000000d6880000,0x00000000d6880000,0x00000000d6c80000)
 ParOldGen       total 78848K, used 78356K [0x0000000080000000, 0x0000000084d00000, 0x00000000d5580000)
  object space 78848K, 99% used [0x0000000080000000,0x0000000084c85350,0x0000000084d00000)
 Metaspace       used 62054K, committed 63360K, reserved 1114112K
  class space    used 7263K, committed 7808K, reserved 1048576K
}
Event: 24.888 GC heap before
{Heap before GC invocations=44 (full 3):
 PSYoungGen      total 17920K, used 17920K [0x00000000d5580000, 0x00000000d7080000, 0x0000000100000000)
  eden space 16896K, 100% used [0x00000000d5580000,0x00000000d6600000,0x00000000d6600000)
  from space 1024K, 100% used [0x00000000d6f80000,0x00000000d7080000,0x00000000d7080000)
  to   space 4096K, 0% used [0x00000000d6880000,0x00000000d6880000,0x00000000d6c80000)
 ParOldGen       total 78848K, used 78356K [0x0000000080000000, 0x0000000084d00000, 0x00000000d5580000)
  object space 78848K, 99% used [0x0000000080000000,0x0000000084c85350,0x0000000084d00000)
 Metaspace       used 62079K, committed 63360K, reserved 1114112K
  class space    used 7264K, committed 7808K, reserved 1048576K
}
Event: 24.891 GC heap after
{Heap after GC invocations=44 (full 3):
 PSYoungGen      total 20992K, used 1984K [0x00000000d5580000, 0x00000000d7000000, 0x0000000100000000)
  eden space 16896K, 0% used [0x00000000d5580000,0x00000000d5580000,0x00000000d6600000)
  from space 4096K, 48% used [0x00000000d6880000,0x00000000d6a70010,0x00000000d6c80000)
  to   space 2560K, 0% used [0x00000000d6d80000,0x00000000d6d80000,0x00000000d7000000)
 ParOldGen       total 79872K, used 79412K [0x0000000080000000, 0x0000000084e00000, 0x00000000d5580000)
  object space 79872K, 99% used [0x0000000080000000,0x0000000084d8d350,0x0000000084e00000)
 Metaspace       used 62079K, committed 63360K, reserved 1114112K
  class space    used 7264K, committed 7808K, reserved 1048576K
}
Event: 24.975 GC heap before
{Heap before GC invocations=45 (full 3):
 PSYoungGen      total 20992K, used 18880K [0x00000000d5580000, 0x00000000d7000000, 0x0000000100000000)
  eden space 16896K, 100% used [0x00000000d5580000,0x00000000d6600000,0x00000000d6600000)
  from space 4096K, 48% used [0x00000000d6880000,0x00000000d6a70010,0x00000000d6c80000)
  to   space 2560K, 0% used [0x00000000d6d80000,0x00000000d6d80000,0x00000000d7000000)
 ParOldGen       total 79872K, used 79412K [0x0000000080000000, 0x0000000084e00000, 0x00000000d5580000)
  object space 79872K, 99% used [0x0000000080000000,0x0000000084d8d350,0x0000000084e00000)
 Metaspace       used 62089K, committed 63360K, reserved 1114112K
  class space    used 7264K, committed 7808K, reserved 1048576K
}
Event: 24.980 GC heap after
{Heap after GC invocations=45 (full 3):
 PSYoungGen      total 18944K, used 1824K [0x00000000d5580000, 0x00000000d6f80000, 0x0000000100000000)
  eden space 16896K, 0% used [0x00000000d5580000,0x00000000d5580000,0x00000000d6600000)
  from space 2048K, 89% used [0x00000000d6d80000,0x00000000d6f48000,0x00000000d6f80000)
  to   space 2048K, 0% used [0x00000000d6b80000,0x00000000d6b80000,0x00000000d6d80000)
 ParOldGen       total 81408K, used 81260K [0x0000000080000000, 0x0000000084f80000, 0x00000000d5580000)
  object space 81408K, 99% used [0x0000000080000000,0x0000000084f5b360,0x0000000084f80000)
 Metaspace       used 62089K, committed 63360K, reserved 1114112K
  class space    used 7264K, committed 7808K, reserved 1048576K
}
Event: 28.504 GC heap before
{Heap before GC invocations=46 (full 3):
 PSYoungGen      total 18944K, used 18720K [0x00000000d5580000, 0x00000000d6f80000, 0x0000000100000000)
  eden space 16896K, 100% used [0x00000000d5580000,0x00000000d6600000,0x00000000d6600000)
  from space 2048K, 89% used [0x00000000d6d80000,0x00000000d6f48000,0x00000000d6f80000)
  to   space 2048K, 0% used [0x00000000d6b80000,0x00000000d6b80000,0x00000000d6d80000)
 ParOldGen       total 81408K, used 81260K [0x0000000080000000, 0x0000000084f80000, 0x00000000d5580000)
  object space 81408K, 99% used [0x0000000080000000,0x0000000084f5b360,0x0000000084f80000)
 Metaspace       used 63166K, committed 64512K, reserved 1114112K
  class space    used 7377K, committed 7936K, reserved 1048576K
}
Event: 28.513 GC heap after
{Heap after GC invocations=46 (full 3):
 PSYoungGen      total 18432K, used 1296K [0x00000000d5580000, 0x00000000d6e00000, 0x0000000100000000)
  eden space 16896K, 0% used [0x00000000d5580000,0x00000000d5580000,0x00000000d6600000)
  from space 1536K, 84% used [0x00000000d6b80000,0x00000000d6cc4090,0x00000000d6d00000)
  to   space 1024K, 0% used [0x00000000d6d00000,0x00000000d6d00000,0x00000000d6e00000)
 ParOldGen       total 82944K, used 82901K [0x0000000080000000, 0x0000000085100000, 0x00000000d5580000)
  object space 82944K, 99% used [0x0000000080000000,0x00000000850f5560,0x0000000085100000)
 Metaspace       used 63166K, committed 64512K, reserved 1114112K
  class space    used 7377K, committed 7936K, reserved 1048576K
}
Event: 274.301 GC heap before
{Heap before GC invocations=47 (full 3):
 PSYoungGen      total 18432K, used 18192K [0x00000000d5580000, 0x00000000d6e00000, 0x0000000100000000)
  eden space 16896K, 100% used [0x00000000d5580000,0x00000000d6600000,0x00000000d6600000)
  from space 1536K, 84% used [0x00000000d6b80000,0x00000000d6cc4090,0x00000000d6d00000)
  to   space 1024K, 0% used [0x00000000d6d00000,0x00000000d6d00000,0x00000000d6e00000)
 ParOldGen       total 82944K, used 82901K [0x0000000080000000, 0x0000000085100000, 0x00000000d5580000)
  object space 82944K, 99% used [0x0000000080000000,0x00000000850f5560,0x0000000085100000)
 Metaspace       used 63601K, committed 64896K, reserved 1114112K
  class space    used 7398K, committed 8000K, reserved 1048576K
}
Event: 274.533 GC heap after
{Heap after GC invocations=47 (full 3):
 PSYoungGen      total 17920K, used 800K [0x00000000d5580000, 0x00000000d6e00000, 0x0000000100000000)
  eden space 16896K, 0% used [0x00000000d5580000,0x00000000d5580000,0x00000000d6600000)
  from space 1024K, 78% used [0x00000000d6d00000,0x00000000d6dc8020,0x00000000d6e00000)
  to   space 1024K, 0% used [0x00000000d6c00000,0x00000000d6c00000,0x00000000d6d00000)
 ParOldGen       total 83968K, used 83702K [0x0000000080000000, 0x0000000085200000, 0x00000000d5580000)
  object space 83968K, 99% used [0x0000000080000000,0x00000000851bd8d8,0x0000000085200000)
 Metaspace       used 63601K, committed 64896K, reserved 1114112K
  class space    used 7398K, committed 8000K, reserved 1048576K
}

